Arguments: 
  C:\Program Files\nodejs\node.exe C:\Users\kesha\AppData\Roaming\npm\node_modules\yarn\bin\yarn.js add express

PATH: 
  C:\WINDOWS\system32;C:\WINDOWS;C:\WINDOWS\System32\Wbem;C:\WINDOWS\System32\WindowsPowerShell\v1.0\;C:\WINDOWS\System32\OpenSSH\;C:\ProgramData\chocolatey\bin;C:\Program Files\Git\cmd;C:\Program Files\nodejs\;C:\Users\kesha\AppData\Local\Microsoft\WindowsApps;C:\Users\kesha\AppData\Local\Programs\Microsoft VS Code\bin;C:\Users\kesha\AppData\Roaming\npm

Yarn version: 
  1.22.18

Node version: 
  16.15.1

Platform: 
  win32 x64

Trace: 
  SyntaxError: C:\Users\kesha\Desktop\pr\ticket_booking\backend\package.json: Unexpected token } in JSON at position 90
      at JSON.parse (<anonymous>)
      at C:\Users\kesha\AppData\Roaming\npm\node_modules\yarn\lib\cli.js:1625:59
      at Generator.next (<anonymous>)
      at step (C:\Users\kesha\AppData\Roaming\npm\node_modules\yarn\lib\cli.js:310:30)
      at C:\Users\kesha\AppData\Roaming\npm\node_modules\yarn\lib\cli.js:321:13

npm manifest: 
  {
    "name": "backend",
    "version": "1.0.0",
    "main": "index.js",
    "license": "MIT",
    
  }

yarn manifest: 
  No manifest

Lockfile: 
  No lockfile
